<?xml version="1.0" encoding="UTF-8"?>
<!-- Generated by org.testng.reporters.JUnitXMLReporter -->
<testsuite ignored="0" hostname="DESKTOP-1E9PTFA" failures="0" tests="7" name="my tests" time="19.755" errors="0" timestamp="2024-11-25T17:29:03 IST">
  <testcase classname="day12.OrangeHRM" name="openapp" time="13.725"/>
  <testcase classname="day12.OrangeHRM" name="logoapp" time="3.155"/>
  <testcase classname="day12.OrangeHRM" name="login" time="2.333"/>
  <testcase classname="day12.OrangeHRM" name="closeapp" time="0.348"/>
  <testcase classname="day12.TestCase1" name="opnapp" time="0.002"/>
  <testcase classname="day12.TestCase1" name="login" time="0.002"/>
  <testcase classname="day12.TestCase1" name="logout" time="0.002"/>
</testsuite> <!-- my tests -->
