<?xml version="1.0" encoding="UTF-8"?>
<!-- Generated by org.testng.reporters.JUnitXMLReporter -->
<testsuite ignored="0" hostname="DESKTOP-1E9PTFA" failures="0" tests="3" name="chrometest" time="10.664" errors="0" timestamp="2024-11-27T16:50:06 IST">
  <testcase classname="day23.Parleltesting" name="testLogo" time="0.059"/>
  <testcase classname="day23.Parleltesting" name="testTitle" time="0.014"/>
  <testcase classname="day23.Parleltesting" name="testURL" time="0.012"/>
</testsuite> <!-- chrometest -->
