<?xml version="1.0" encoding="UTF-8"?>
<!-- Generated by org.testng.reporters.JUnitXMLReporter -->
<testsuite ignored="0" hostname="DESKTOP-1E9PTFA" failures="0" tests="3" name="edgetest" time="11.694" errors="0" timestamp="2024-11-27T16:50:07 IST">
  <testcase classname="day23.Parleltesting" name="testLogo" time="0.069"/>
  <testcase classname="day23.Parleltesting" name="testTitle" time="0.021"/>
  <testcase classname="day23.Parleltesting" name="testURL" time="0.017"/>
</testsuite> <!-- edgetest -->
