<?xml version="1.0" encoding="UTF-8"?>
<!-- Generated by org.testng.reporters.JUnitXMLReporter -->
<testsuite ignored="6" hostname="DESKTOP-1E9PTFA" failures="0" tests="2" name="groupingtest" time="0.06" errors="0" timestamp="2024-11-26T17:14:20 IST">
  <testcase classname="day12.pack.PaymentsTests" name="paymentinRupees" time="0.007"/>
  <testcase classname="day12.pack.PaymentsTests" name="paymentinDollars" time="0.001"/>
  <testcase classname="day12.pack.LoginTest" name="loginbytwitter" time="0.0">
    <ignored/>
  </testcase> <!-- loginbytwitter -->
  <testcase classname="day12.pack.LoginTest" name="loginbyfacebook" time="0.0">
    <ignored/>
  </testcase> <!-- loginbyfacebook -->
  <testcase classname="day12.pack.SignUpTest" name="signupfacebook" time="0.0">
    <ignored/>
  </testcase> <!-- signupfacebook -->
  <testcase classname="day12.pack.LoginTest" name="loginEmail" time="0.0">
    <ignored/>
  </testcase> <!-- loginEmail -->
  <testcase classname="day12.pack.SignUpTest" name="signupbytwitter" time="0.0">
    <ignored/>
  </testcase> <!-- signupbytwitter -->
  <testcase classname="day12.pack.SignUpTest" name="signupEmail" time="0.0">
    <ignored/>
  </testcase> <!-- signupEmail -->
</testsuite> <!-- groupingtest -->
