<?xml version="1.0" encoding="UTF-8"?>
<testng-results ignored="0" total="1" passed="1" failed="0" skipped="0">
  <reporter-output>
  </reporter-output>
  <suite started-at="2025-02-17T14:41:08 IST" name="Default suite" finished-at="2025-02-17T14:41:14 IST" duration-ms="6284">
    <groups>
    </groups>
    <test started-at="2025-02-17T14:41:08 IST" name="Default test" finished-at="2025-02-17T14:41:14 IST" duration-ms="6284">
      <class name="day21.UploadImage">
        <test-method signature="UploadImage()[pri:0, instance:day21.UploadImage@22ef9844]" started-at="2025-02-17T14:41:08 IST" name="UploadImage" finished-at="2025-02-17T14:41:14 IST" duration-ms="6243" status="PASS">
          <reporter-output>
          </reporter-output>
        </test-method> <!-- UploadImage -->
      </class> <!-- day21.UploadImage -->
    </test> <!-- Default test -->
  </suite> <!-- Default suite -->
</testng-results>
